SF:lib/src/slider_bar_widget.dart
DA:11,5
DA:35,3
DA:36,3
DA:43,3
DA:45,3
DA:46,9
DA:47,3
DA:48,9
DA:49,9
DA:50,9
DA:53,9
DA:56,2
DA:58,2
DA:60,8
DA:61,3
DA:62,3
DA:63,0
DA:64,0
DA:65,0
DA:66,0
DA:68,3
DA:72,3
DA:73,3
DA:74,6
DA:80,1
DA:81,1
DA:82,2
DA:83,5
DA:86,1
DA:87,1
DA:88,2
DA:89,5
DA:93,1
DA:94,1
DA:95,1
DA:96,5
DA:100,1
DA:101,2
DA:102,1
DA:105,4
DA:106,5
DA:110,6
DA:113,4
DA:116,3
DA:119,12
DA:120,9
DA:121,9
DA:124,6
DA:127,3
DA:128,3
DA:129,3
DA:130,3
DA:134,6
DA:136,6
DA:140,12
DA:141,6
DA:142,15
DA:143,6
DA:145,3
DA:146,3
DA:147,3
DA:148,3
DA:149,3
DA:150,3
DA:151,3
DA:152,3
DA:153,3
DA:154,3
DA:155,3
DA:157,3
DA:159,3
DA:162,3
DA:163,3
DA:166,9
DA:168,3
DA:169,3
DA:170,3
DA:176,3
DA:178,9
DA:180,9
DA:182,3
DA:183,3
DA:186,3
DA:187,6
DA:188,6
DA:194,9
DA:195,3
DA:196,3
DA:199,1
DA:200,3
DA:201,9
DA:202,12
DA:203,9
DA:204,9
DA:219,3
DA:222,6
DA:223,6
DA:225,9
DA:227,3
LF:99
LH:95
end_of_record
SF:lib/src/models/slider_config.dart
DA:7,11
DA:31,2
DA:38,2
DA:39,1
DA:40,1
DA:41,1
DA:42,1
DA:43,1
DA:51,11
DA:83,2
DA:92,2
DA:93,1
DA:94,1
DA:95,1
DA:96,1
DA:97,1
DA:98,1
DA:99,1
DA:107,12
DA:117,6
DA:119,9
DA:151,2
DA:162,2
DA:163,0
DA:164,0
DA:165,0
DA:166,0
DA:167,1
DA:168,1
DA:169,0
DA:170,2
DA:171,2
LF:32
LH:27
end_of_record
SF:lib/src/controllers/slider_controller.dart
DA:6,3
DA:10,6
DA:12,9
DA:26,6
DA:29,3
DA:31,9
DA:33,6
DA:34,3
DA:35,3
DA:40,1
DA:41,1
DA:45,24
DA:48,2
DA:49,2
DA:50,12
DA:54,1
DA:56,5
DA:59,1
DA:60,1
DA:63,3
DA:65,3
LF:21
LH:21
end_of_record
SF:lib/src/painters/slider_painter.dart
DA:8,4
DA:23,4
DA:25,4
DA:26,12
DA:27,4
DA:29,4
DA:30,12
DA:31,4
DA:33,8
DA:35,8
DA:37,4
DA:38,16
DA:39,4
DA:41,4
DA:44,4
DA:45,24
DA:46,4
DA:48,4
DA:52,3
DA:53,12
DA:54,3
DA:56,3
DA:59,3
DA:60,3
DA:62,12
DA:63,6
DA:64,9
DA:66,3
DA:68,3
DA:72,4
DA:74,12
DA:75,9
DA:76,9
DA:83,4
DA:90,4
DA:92,4
DA:93,12
DA:94,4
DA:97,12
DA:98,4
DA:99,4
DA:100,4
DA:101,4
DA:102,20
DA:103,8
DA:104,8
DA:107,8
DA:108,8
DA:114,12
DA:115,4
DA:116,20
DA:117,12
DA:122,1
DA:123,1
DA:124,5
DA:125,2
DA:126,2
DA:128,3
DA:130,1
DA:134,4
DA:136,12
LF:61
LH:61
end_of_record
