SF:lib/src/slider_bar_widget.dart
DA:10,3
DA:34,2
DA:35,2
DA:42,2
DA:44,2
DA:45,6
DA:46,2
DA:47,6
DA:48,6
DA:49,6
DA:52,6
DA:55,1
DA:57,1
DA:59,4
DA:60,0
DA:61,0
DA:62,0
DA:63,0
DA:64,0
DA:65,0
DA:67,0
DA:71,2
DA:72,2
DA:73,4
DA:79,0
DA:80,0
DA:81,0
DA:82,0
DA:85,0
DA:86,0
DA:87,0
DA:88,0
DA:92,0
DA:93,0
DA:94,0
DA:95,0
DA:99,0
DA:100,0
DA:101,0
DA:104,0
DA:105,0
DA:108,0
DA:111,0
DA:114,2
DA:116,8
DA:117,6
DA:118,6
DA:121,4
DA:124,2
DA:125,2
DA:126,2
DA:127,2
DA:131,2
DA:132,2
DA:134,2
DA:135,2
DA:139,12
DA:140,14
DA:142,2
DA:143,2
DA:144,2
DA:145,2
DA:146,2
DA:147,2
DA:148,2
DA:149,2
DA:152,2
DA:154,2
DA:156,2
DA:159,2
DA:160,2
DA:163,6
DA:165,2
DA:166,2
DA:167,2
DA:173,2
DA:174,6
DA:175,6
DA:176,2
DA:177,2
DA:180,2
DA:181,4
DA:182,4
DA:188,6
DA:189,2
DA:190,2
DA:193,0
DA:194,2
DA:195,6
DA:196,6
DA:197,6
DA:198,6
DA:199,2
DA:213,2
DA:216,4
DA:217,4
DA:219,6
DA:221,2
LF:98
LH:71
end_of_record
SF:lib/src/models/slider_config.dart
DA:7,9
DA:31,2
DA:38,2
DA:39,1
DA:40,1
DA:41,1
DA:42,1
DA:43,1
DA:51,9
DA:83,2
DA:92,2
DA:93,1
DA:94,1
DA:95,1
DA:96,1
DA:97,1
DA:98,1
DA:99,1
DA:107,9
DA:117,4
DA:119,6
DA:151,2
DA:162,2
DA:163,0
DA:164,0
DA:165,0
DA:166,0
DA:167,1
DA:168,1
DA:169,0
DA:170,2
DA:171,2
LF:32
LH:27
end_of_record
SF:lib/src/controllers/slider_controller.dart
DA:6,2
DA:10,4
DA:12,6
DA:26,4
DA:29,2
DA:31,6
DA:33,4
DA:34,2
DA:35,2
DA:40,1
DA:41,1
DA:45,16
DA:48,1
DA:49,1
DA:50,6
DA:54,1
DA:56,5
DA:59,1
DA:60,1
DA:63,2
DA:65,2
LF:21
LH:21
end_of_record
SF:lib/src/painters/slider_painter.dart
DA:8,3
DA:23,3
DA:25,3
DA:26,9
DA:27,3
DA:29,3
DA:30,9
DA:31,3
DA:33,6
DA:35,6
DA:37,3
DA:38,12
DA:39,3
DA:41,3
DA:44,3
DA:45,18
DA:46,3
DA:48,3
DA:52,2
DA:53,8
DA:54,2
DA:56,2
DA:59,2
DA:60,2
DA:62,8
DA:63,4
DA:64,6
DA:66,2
DA:68,2
DA:72,3
DA:74,9
DA:75,6
DA:76,6
DA:83,3
DA:90,3
DA:92,3
DA:93,9
DA:94,3
DA:97,9
DA:98,3
DA:99,3
DA:100,3
DA:101,3
DA:102,15
DA:103,6
DA:104,6
DA:107,6
DA:108,6
DA:114,9
DA:115,3
DA:116,15
DA:117,9
DA:122,0
DA:123,0
DA:124,0
DA:125,0
DA:126,0
DA:128,0
DA:130,0
DA:134,3
DA:136,9
LF:61
LH:54
end_of_record
